This is pdfTeX, Version 3.141592653-2.6-1.40.26 (MiKTeX 24.4) (preloaded format=pdflatex 2024.5.29)  14 JUL 2024 04:44
entering extended mode
 restricted \write18 enabled.
 %&-line parsing enabled.
**C:/Users/mutua/Documents/Repository/SQL/Proggetto/db_progetto_2.tex
(C:/Users/mutua/Documents/Repository/SQL/Proggetto/db_progetto_2.tex
LaTeX2e <2023-11-01> patch level 1
L3 programming layer <2024-05-08>
(C:\Users\mutua\AppData\Local\Programs\MiKTeX\tex/latex/base\article.cls
Document Class: article 2023/05/17 v1.4n Standard LaTeX document class
(C:\Users\mutua\AppData\Local\Programs\MiKTeX\tex/latex/base\size10.clo
File: size10.clo 2023/05/17 v1.4n Standard LaTeX file (size option)
)
\c@part=\count189
\c@section=\count190
\c@subsection=\count191
\c@subsubsection=\count192
\c@paragraph=\count193
\c@subparagraph=\count194
\c@figure=\count195
\c@table=\count196
\abovecaptionskip=\skip48
\belowcaptionskip=\skip49
\bibindent=\dimen140
)
(C:\Users\mutua\AppData\Local\Programs\MiKTeX\tex/latex/geometry\geometry.sty
Package: geometry 2020/01/02 v5.9 Page Geometry

(C:\Users\mutua\AppData\Local\Programs\MiKTeX\tex/latex/graphics\keyval.sty
Package: keyval 2022/05/29 v1.15 key=value parser (DPC)
\KV@toks@=\toks17
)
(C:\Users\mutua\AppData\Local\Programs\MiKTeX\tex/generic/iftex\ifvtex.sty
Package: ifvtex 2019/10/25 v1.7 ifvtex legacy package. Use iftex instead.

(C:\Users\mutua\AppData\Local\Programs\MiKTeX\tex/generic/iftex\iftex.sty
Package: iftex 2022/02/03 v1.0f TeX engine tests
))
\Gm@cnth=\count197
\Gm@cntv=\count198
\c@Gm@tempcnt=\count199
\Gm@bindingoffset=\dimen141
\Gm@wd@mp=\dimen142
\Gm@odd@mp=\dimen143
\Gm@even@mp=\dimen144
\Gm@layoutwidth=\dimen145
\Gm@layoutheight=\dimen146
\Gm@layouthoffset=\dimen147
\Gm@layoutvoffset=\dimen148
\Gm@dimlist=\toks18

(C:\Users\mutua\AppData\Local\Programs\MiKTeX\tex/latex/geometry\geometry.cfg))
(C:\Users\mutua\AppData\Local\Programs\MiKTeX\tex/latex/tools\longtable.sty
Package: longtable 2023-11-01 v4.19 Multi-page Table package (DPC)
\LTleft=\skip50
\LTright=\skip51
\LTpre=\skip52
\LTpost=\skip53
\LTchunksize=\count266
\LTcapwidth=\dimen149
\LT@head=\box51
\LT@firsthead=\box52
\LT@foot=\box53
\LT@lastfoot=\box54
\LT@gbox=\box55
\LT@cols=\count267
\LT@rows=\count268
\c@LT@tables=\count269
\c@LT@chunks=\count270
\LT@p@ftn=\toks19
)
(C:\Users\mutua\AppData\Local\Programs\MiKTeX\tex/latex/tools\array.sty
Package: array 2023/10/16 v2.5g Tabular extension package (FMi)
\col@sep=\dimen150
\ar@mcellbox=\box56
\extrarowheight=\dimen151
\NC@list=\toks20
\extratabsurround=\skip54
\backup@length=\skip55
\ar@cellbox=\box57
)
(C:\Users\mutua\AppData\Local\Programs\MiKTeX\tex/latex/lipsum\lipsum.sty
(C:\Users\mutua\AppData\Local\Programs\MiKTeX\tex/latex/l3packages/l3keys2e\l3k
eys2e.sty
(C:\Users\mutua\AppData\Local\Programs\MiKTeX\tex/latex/l3kernel\expl3.sty
Package: expl3 2024-05-08 L3 programming layer (loader) 

(C:\Users\mutua\AppData\Local\Programs\MiKTeX\tex/latex/l3backend\l3backend-pdf
tex.def
File: l3backend-pdftex.def 2024-05-08 L3 backend support: PDF output (pdfTeX)
\l__color_backend_stack_int=\count271
\l__pdf_internal_box=\box58
))
Package: l3keys2e 2024-05-08 LaTeX2e option processing using LaTeX3 keys
)
Package: lipsum 2021-09-20 v2.7 150 paragraphs of Lorem Ipsum dummy text
\g__lipsum_par_int=\count272
\l__lipsum_a_int=\count273
\l__lipsum_b_int=\count274

(C:\Users\mutua\AppData\Local\Programs\MiKTeX\tex/latex/lipsum\lipsum.ltd.tex))
(C:\Users\mutua\AppData\Local\Programs\MiKTeX\tex/latex/listings\listings.sty
\lst@mode=\count275
\lst@gtempboxa=\box59
\lst@token=\toks21
\lst@length=\count276
\lst@currlwidth=\dimen152
\lst@column=\count277
\lst@pos=\count278
\lst@lostspace=\dimen153
\lst@width=\dimen154
\lst@newlines=\count279
\lst@lineno=\count280
\lst@maxwidth=\dimen155

(C:\Users\mutua\AppData\Local\Programs\MiKTeX\tex/latex/listings\lstpatch.sty
File: lstpatch.sty 2024/05/25 1.10b (Carsten Heinz)
)
(C:\Users\mutua\AppData\Local\Programs\MiKTeX\tex/latex/listings\lstmisc.sty
File: lstmisc.sty 2024/05/25 1.10b (Carsten Heinz)
\c@lstnumber=\count281
\lst@skipnumbers=\count282
\lst@framebox=\box60
)
(C:\Users\mutua\AppData\Local\Programs\MiKTeX\tex/latex/listings\listings.cfg
File: listings.cfg 2024/05/25 1.10b listings configuration
))
Package: listings 2024/05/25 1.10b (Carsten Heinz)
(C:\Users\mutua\AppData\Local\Programs\MiKTeX\tex/latex/graphics\graphicx.sty
Package: graphicx 2021/09/16 v1.2d Enhanced LaTeX Graphics (DPC,SPQR)

(C:\Users\mutua\AppData\Local\Programs\MiKTeX\tex/latex/graphics\graphics.sty
Package: graphics 2022/03/10 v1.4e Standard LaTeX Graphics (DPC,SPQR)

(C:\Users\mutua\AppData\Local\Programs\MiKTeX\tex/latex/graphics\trig.sty
Package: trig 2021/08/11 v1.11 sin cos tan (DPC)
)
(C:\Users\mutua\AppData\Local\Programs\MiKTeX\tex/latex/graphics-cfg\graphics.c
fg
File: graphics.cfg 2016/06/04 v1.11 sample graphics configuration
)
Package graphics Info: Driver file: pdftex.def on input line 107.

(C:\Users\mutua\AppData\Local\Programs\MiKTeX\tex/latex/graphics-def\pdftex.def
File: pdftex.def 2024/04/13 v1.2c Graphics/color driver for pdftex
))
\Gin@req@height=\dimen156
\Gin@req@width=\dimen157
)

! LaTeX Error: Missing \begin{document}.

See the LaTeX manual or LaTeX Companion for explanation.
Type  H <return>  for immediate help.
 ...                                              
                                                  
l.13 \texttt{SM3201434}
                       
? H
You're in trouble here.  Try typing  <return>  to proceed.
If that doesn't work, type  X <return>  to quit.
? 
No file db_progetto_2.aux.
\openout1 = `db_progetto_2.aux'.

LaTeX Font Info:    Checking defaults for OML/cmm/m/it on input line 16.
LaTeX Font Info:    ... okay on input line 16.
LaTeX Font Info:    Checking defaults for OMS/cmsy/m/n on input line 16.
LaTeX Font Info:    ... okay on input line 16.
LaTeX Font Info:    Checking defaults for OT1/cmr/m/n on input line 16.
LaTeX Font Info:    ... okay on input line 16.
LaTeX Font Info:    Checking defaults for T1/cmr/m/n on input line 16.
LaTeX Font Info:    ... okay on input line 16.
LaTeX Font Info:    Checking defaults for TS1/cmr/m/n on input line 16.
LaTeX Font Info:    ... okay on input line 16.
LaTeX Font Info:    Checking defaults for OMX/cmex/m/n on input line 16.
LaTeX Font Info:    ... okay on input line 16.
LaTeX Font Info:    Checking defaults for U/cmr/m/n on input line 16.
LaTeX Font Info:    ... okay on input line 16.
*geometry* driver: auto-detecting
*geometry* detected driver: pdftex
*geometry* verbose mode - [ preamble ] result:
* driver: pdftex
* paper: a4paper
* layout: <same size as paper>
* layoutoffset:(h,v)=(0.0pt,0.0pt)
* modes: 
* h-part:(L,W,R)=(72.26999pt, 452.9679pt, 72.26999pt)
* v-part:(T,H,B)=(72.26999pt, 700.50687pt, 72.26999pt)
* \paperwidth=597.50787pt
* \paperheight=845.04684pt
* \textwidth=452.9679pt
* \textheight=700.50687pt
* \oddsidemargin=0.0pt
* \evensidemargin=0.0pt
* \topmargin=-37.0pt
* \headheight=12.0pt
* \headsep=25.0pt
* \topskip=10.0pt
* \footskip=30.0pt
* \marginparwidth=65.0pt
* \marginparsep=11.0pt
* \columnsep=10.0pt
* \skip\footins=9.0pt plus 4.0pt minus 2.0pt
* \hoffset=0.0pt
* \voffset=0.0pt
* \mag=1000
* \@twocolumnfalse
* \@twosidefalse
* \@mparswitchfalse
* \@reversemarginfalse
* (1in=72.27pt=25.4mm, 1cm=28.453pt)

\c@lstlisting=\count283

(C:\Users\mutua\AppData\Local\Programs\MiKTeX\tex/context/base/mkii\supp-pdf.mk
ii
[Loading MPS to PDF converter (version 2006.09.02).]
\scratchcounter=\count284
\scratchdimen=\dimen158
\scratchbox=\box61
\nofMPsegments=\count285
\nofMParguments=\count286
\everyMPshowfont=\toks22
\MPscratchCnt=\count287
\MPscratchDim=\dimen159
\MPnumerator=\count288
\makeMPintoPDFobject=\count289
\everyMPtoPDFconversion=\toks23
)
(C:\Users\mutua\AppData\Local\Programs\MiKTeX\tex/latex/epstopdf-pkg\epstopdf-b
ase.sty
Package: epstopdf-base 2020-01-24 v2.11 Base part for package epstopdf
Package epstopdf-base Info: Redefining graphics rule for `.eps' on input line 4
85.

(C:\Users\mutua\AppData\Local\Programs\MiKTeX\tex/latex/00miktex\epstopdf-sys.c
fg
File: epstopdf-sys.cfg 2021/03/18 v2.0 Configuration of epstopdf for MiKTeX
)) [1

{C:/Users/mutua/AppData/Local/MiKTeX/fonts/map/pdftex/pdftex.map}]
LaTeX Font Info:    External font `cmex10' loaded for size
(Font)              <12> on input line 18.
LaTeX Font Info:    External font `cmex10' loaded for size
(Font)              <8> on input line 18.
LaTeX Font Info:    External font `cmex10' loaded for size
(Font)              <6> on input line 18.

(C:\Users\mutua\AppData\Local\Programs\MiKTeX\tex/latex/listings\lstlang1.sty
File: lstlang1.sty 2024/05/25 1.10b listings language file
)
Overfull \hbox (123.03796pt too wide) in paragraph at lines 43--44
[][][][][][][][][][][][][][][][][][][][][][][][][][][][][][][][][][][][] 
 []


Overfull \hbox (129.47305pt too wide) in paragraph at lines 66--67
[][][]\OT1/cmtt/m/n/10 CREATE TRIGGER lock_achievements_if_invalid_item[]\OT1/c
mr/m/n/10 : De-fines a new trig-ger named [][]\OT1/cmtt/m/n/10 lock_achievement
s_if_invalid_item[]\OT1/cmr/m/n/10 . 
 []

[2]
Overfull \hbox (90.00072pt too wide) in paragraph at lines 70--71
[][][]\OT1/cmtt/m/n/10 DECLARE player_achievements_locked BOOLEAN DEFAULT FALSE
[]\OT1/cmr/m/n/10 : De-clares a vari-able [][]\OT1/cmtt/m/n/10 player_achieveme
nts_locked
 []


Overfull \hbox (57.80571pt too wide) in paragraph at lines 71--72
[][][]\OT1/cmtt/m/n/10 IF EXISTS (SELECT 1 FROM Player_Item WHERE player_id = N
EW.player_id AND state = FALSE) THEN[]\OT1/cmr/m/n/10 :
 []


Overfull \hbox (93.14072pt too wide) in paragraph at lines 72--73
[][][]\OT1/cmtt/m/n/10 SET player_achievements_locked = TRUE[]\OT1/cmr/m/n/10 :
 If any in-valid item is found, set the vari-able [][]\OT1/cmtt/m/n/10 player_a
chievements_locked
 []


Overfull \hbox (477.80205pt too wide) in paragraph at lines 73--74
[][][]\OT1/cmtt/m/n/10 CREATE TEMPORARY TABLE Temp_Achievements AS SELECT ca.ac
hievement_id FROM Check_Achievement ca JOIN Complete c ON c.quest_id = ca.quest
_id WHERE c.player_id = NEW.player_id[]\OT1/cmr/m/n/10 :
 []


Overfull \hbox (404.30269pt too wide) in paragraph at lines 74--75
[][][]\OT1/cmtt/m/n/10 UPDATE Check_Achievement SET requires_all_player_items =
 NOT player_achievements_locked WHERE achievement_id IN (SELECT achievement_id 
FROM Temp_Achievements)[]\OT1/cmr/m/n/10 :
 []


Overfull \hbox (93.03766pt too wide) in paragraph at lines 94--95
[][][][][][][][][][][][][][][][][][] 
 []

[3]
Overfull \hbox (1181.29591pt too wide) in paragraph at lines 119--120
[][][]\OT1/cmtt/m/n/10 SELECT COUNT(*) = 0 INTO all_achievements_true FROM Achi
evement JOIN Check_Achievement ON Achievement.achievement_id = Check_Achievemen
t.achievement_id WHERE Check_Achievement.requires_all_player_items = TRUE AND C
heck_Achievement.quest_id NOT IN (SELECT quest_id FROM Complete WHERE player_id
 = player_id)[]\OT1/cmr/m/n/10 :
 []


Overfull \hbox (73.55557pt too wide) in paragraph at lines 121--122
[][][]\OT1/cmtt/m/n/10 INSERT IGNORE INTO Travel (player_id, dimension_id) SELE
CT player_id, dimension_id FROM Unlocks[]\OT1/cmr/m/n/10 :
 []


Overfull \hbox (57.0373pt too wide) in paragraph at lines 139--141
[][][][][][][][][][][][][][][][][][][][][][][][][] 
 []


Overfull \hbox (3.03674pt too wide) in paragraph at lines 141--142
[][][][][][][][][][][][][][][][][][][][][][][][][][][][][][][] 
 []


Overfull \hbox (34.97388pt too wide) in paragraph at lines 163--164
[][][]\OT1/cmtt/m/n/10 CREATE TRIGGER assign_quests_after_talk[]\OT1/cmr/m/n/10
 : De-fines a new trig-ger named [][]\OT1/cmtt/m/n/10 assign_quests_after_talk[
]\OT1/cmr/m/n/10 . 
 []

[4]
Overfull \hbox (13.83403pt too wide) in paragraph at lines 170--171
[][][]\OT1/cmtt/m/n/10 SELECT guild_id INTO player_guild_id FROM Player WHERE p
layer_id = NEW.player_id[]\OT1/cmr/m/n/10 : Re-
 []


Overfull \hbox (210.05438pt too wide) in paragraph at lines 172--173
[][][]\OT1/cmtt/m/n/10 INSERT INTO Complete (player_id, quest_id) SELECT NEW.pl
ayer_id, quest_id FROM Initiate WHERE npc_id = NEW.npc_id LIMIT 1[]\OT1/cmr/m/n
/10 :
 []


Overfull \hbox (210.05438pt too wide) in paragraph at lines 175--176
[][][]\OT1/cmtt/m/n/10 INSERT INTO Complete (player_id, quest_id) SELECT NEW.pl
ayer_id, quest_id FROM Initiate WHERE npc_id = NEW.npc_id LIMIT 1[]\OT1/cmr/m/n
/10 :
 []


Overfull \hbox (9.0368pt too wide) in paragraph at lines 193--194
[][][][][][][][][][][][][][][][][][][][][] 
 []


Overfull \hbox (48.16846pt too wide) in paragraph at lines 199--200
[][][]\OT1/cmtt/m/n/10 CREATE PROCEDURE Test_UpdatePlayerItem()[]\OT1/cmr/m/n/1
0 : De-fines a stored pro-ce-dure named [][]\OT1/cmtt/m/n/10 Test_UpdatePlayerI
tem[]\OT1/cmr/m/n/10 . 
 []


Overfull \hbox (141.80498pt too wide) in paragraph at lines 201--202
[][][]\OT1/cmtt/m/n/10 UPDATE Player_Item SET state = TRUE WHERE player_item_id
 IN (SELECT player_item_id FROM Player_Item LIMIT 5)[]\OT1/cmr/m/n/10 :
 []


Overfull \hbox (100.668pt too wide) in paragraph at lines 219--220
[][][]\OT1/cmtt/m/n/10 CREATE PROCEDURE Test_InsertQuestCompletion()[]\OT1/cmr/
m/n/10 : De-fines a stored pro-ce-dure named [][]\OT1/cmtt/m/n/10 Test_InsertQu
estCompletion[]\OT1/cmr/m/n/10 . 
 []


Overfull \hbox (36.8059pt too wide) in paragraph at lines 221--222
[][][]\OT1/cmtt/m/n/10 INSERT INTO Complete (player_id, quest_id) VALUES (1, 1)
, (2, 2), (3, 3), (4, 4), (5, 5)[]\OT1/cmr/m/n/10 :
 []

[5]
Overfull \hbox (9.0368pt too wide) in paragraph at lines 232--233
[][][][][][][][][][][][][][][][][][][][][][][][][][][][] 
 []


Overfull \hbox (100.668pt too wide) in paragraph at lines 240--241
[][][]\OT1/cmtt/m/n/10 CREATE PROCEDURE ViewAllPlayerItemsDetailed()[]\OT1/cmr/
m/n/10 : De-fines a stored pro-ce-dure named [][]\OT1/cmtt/m/n/10 ViewAllPlayer
ItemsDetailed[]\OT1/cmr/m/n/10 . 
 []


Overfull \hbox (262.55392pt too wide) in paragraph at lines 242--243
[][][]\OT1/cmtt/m/n/10 SELECT pi.player_item_id, pi.player_id, pi.item_id, i.it
em_name, pi.state FROM Player_Item pi JOIN Item i ON pi.item_id = i.item_id[]\O
T1/cmr/m/n/10 :
 []


Overfull \hbox (48.16846pt too wide) in paragraph at lines 260--261
[][][]\OT1/cmtt/m/n/10 CREATE PROCEDURE ViewAllQuestsDetailed()[]\OT1/cmr/m/n/1
0 : De-fines a stored pro-ce-dure named [][]\OT1/cmtt/m/n/10 ViewAllQuestsDetai
led[]\OT1/cmr/m/n/10 . 
 []


Overfull \hbox (6.53046pt too wide) in paragraph at lines 262--263
[][][]\OT1/cmtt/m/n/10 SELECT quest_id, quest_name, state FROM Quest[]\OT1/cmr/
m/n/10 : Se-lects de-tailed in-for-ma-tion about all quests,
 []


Overfull \hbox (142.66763pt too wide) in paragraph at lines 283--284
[][][]\OT1/cmtt/m/n/10 CREATE PROCEDURE ViewAllCompletedQuestsDetailed()[]\OT1/
cmr/m/n/10 : De-fines a stored pro-ce-dure named [][]\OT1/cmtt/m/n/10 ViewAllCo
mpletedQuestsDetailed[]\OT1/cmr/m/n/10 . 
 []


Overfull \hbox (572.30122pt too wide) in paragraph at lines 285--286
[][][]\OT1/cmtt/m/n/10 SELECT c.player_id, p.player_name, q.quest_name, q.state
 FROM Complete c JOIN Player p ON c.player_id = p.player_id JOIN Quest q ON c.q
uest_id = q.quest_id ORDER BY p.player_id, q.quest_name[]\OT1/cmr/m/n/10 :
 []

[6]
<C:/Users/mutua/Documents/Repository/SQL/Proggetto/vcs.png, id=29, 1299.85625pt
 x 1165.35374pt>
File: C:/Users/mutua/Documents/Repository/SQL/Proggetto/vcs.png Graphic file (t
ype png)
<use C:/Users/mutua/Documents/Repository/SQL/Proggetto/vcs.png>
Package pdftex.def Info: C:/Users/mutua/Documents/Repository/SQL/Proggetto/vcs.
png  used on input line 295.
(pdftex.def)             Requested size: 452.9679pt x 406.08395pt.
 [7 <C:/Users/mutua/Documents/Repository/SQL/Proggetto/vcs.png>] [8]
Overfull \hbox (25.19997pt too wide) in alignment at lines 507--511
 [] [] 
 []


Overfull \hbox (25.19997pt too wide) in alignment at lines 511--516
 [] [] 
 []


Overfull \hbox (25.19997pt too wide) in alignment at lines 516--518
 [] [] 
 []


Overfull \hbox (25.19997pt too wide) in alignment at lines 518--520
 [] [] 
 []


Overfull \hbox (25.19997pt too wide) in alignment at lines 520--543
 [] [] 
 []

[9] [10] [11] (db_progetto_2.aux)
 ***********
LaTeX2e <2023-11-01> patch level 1
L3 programming layer <2024-05-08>
 ***********


LaTeX Warning: Label(s) may have changed. Rerun to get cross-references right.

 ) 
Here is how much of TeX's memory you used:
 4408 strings out of 474312
 70000 string characters out of 5739285
 1966907 words of memory out of 5000000
 26853 multiletter control sequences out of 15000+600000
 563550 words of font info for 54 fonts, out of 8000000 for 9000
 1141 hyphenation exceptions out of 8191
 79i,6n,93p,497b,1335s stack positions out of 10000i,1000n,20000p,200000b,200000s
 <C:\Users\mutua\AppData\Local\MiKTeX\fonts/pk/ljfour/jknappen/ec/dpi600\tcrm
1000.pk> <C:\Users\mutua\AppData\Local\MiKTeX\fonts/pk/ljfour/jknappen/ec/dpi60
0\tcti1000.pk><C:/Users/mutua/AppData/Local/Programs/MiKTeX/fonts/type1/public/
amsfonts/cm/cmbx10.pfb><C:/Users/mutua/AppData/Local/Programs/MiKTeX/fonts/type
1/public/amsfonts/cm/cmbx12.pfb><C:/Users/mutua/AppData/Local/Programs/MiKTeX/f
onts/type1/public/amsfonts/cm/cmr10.pfb><C:/Users/mutua/AppData/Local/Programs/
MiKTeX/fonts/type1/public/amsfonts/cm/cmr12.pfb><C:/Users/mutua/AppData/Local/P
rograms/MiKTeX/fonts/type1/public/amsfonts/cm/cmr17.pfb><C:/Users/mutua/AppData
/Local/Programs/MiKTeX/fonts/type1/public/amsfonts/cm/cmti10.pfb><C:/Users/mutu
a/AppData/Local/Programs/MiKTeX/fonts/type1/public/amsfonts/cm/cmtt10.pfb>
Output written on db_progetto_2.pdf (11 pages, 172789 bytes).
PDF statistics:
 87 PDF objects out of 1000 (max. 8388607)
 0 named destinations out of 1000 (max. 500000)
 6 words of extra memory for PDF output out of 10000 (max. 10000000)

